\BOOKMARK [1][-]{section.1}{\376\377\000I\000n\000t\000r\000o\000d\000u\000c\000t\000i\000o\000n}{}% 1
\BOOKMARK [1][-]{section.2}{\376\377\000M\000o\000t\000i\000v\000a\000t\000i\000o\000n}{}% 2
\BOOKMARK [1][-]{section.3}{\376\377\000R\000e\000l\000a\000t\000e\000d\000\040\000W\000o\000r\000k\000s}{}% 3
\BOOKMARK [1][-]{section.4}{\376\377\000D\000e\000s\000c\000r\000i\000p\000t\000i\000o\000n\000\040\000o\000f\000\040\000W\000o\000r\000k}{}% 4
\BOOKMARK [1][-]{section.5}{\376\377\000M\000e\000t\000h\000o\000d\000o\000l\000o\000g\000y}{}% 5
\BOOKMARK [2][-]{subsection.5.1}{\376\377\000G\000o\000o\000g\000l\000e\000\040\000C\000o\000l\000a\000b\000\040\000P\000l\000a\000t\000f\000o\000r\000m}{section.5}% 6
\BOOKMARK [2][-]{subsection.5.2}{\376\377\000P\000y\000t\000h\000o\000n\000\040\000a\000n\000d\000\040\000P\000y\000T\000o\000r\000c\000h\000\040\000F\000r\000a\000m\000e\000w\000o\000r\000k}{section.5}% 7
\BOOKMARK [1][-]{section.6}{\376\377\000D\000a\000t\000a\000s\000e\000t\000\040\000P\000r\000e\000p\000a\000r\000a\000t\000i\000o\000n\000\040\000a\000n\000d\000\040\000R\000e\000f\000i\000n\000e\000m\000e\000n\000t}{}% 8
\BOOKMARK [2][-]{subsection.6.1}{\376\377\000S\000t\000a\000g\000e\000\040\0001\000:\000\040\000I\000n\000i\000t\000i\000a\000l\000\040\000D\000a\000t\000a\000s\000e\000t\000\040\000C\000o\000l\000l\000e\000c\000t\000i\000o\000n}{section.6}% 9
\BOOKMARK [2][-]{subsection.6.2}{\376\377\000S\000t\000a\000g\000e\000\040\0002\000:\000\040\000R\000e\000f\000i\000n\000e\000d\000\040\000D\000a\000t\000a\000s\000e\000t\000\040\000-\000\040\000F\000o\000c\000u\000s\000\040\000o\000n\000\040\000A\000d\000u\000l\000t\000\040\000I\000n\000-\000f\000l\000i\000g\000h\000t\000\040\000I\000m\000a\000g\000e\000s}{section.6}% 10
\BOOKMARK [2][-]{subsection.6.3}{\376\377\000S\000t\000a\000g\000e\000\040\0003\000:\000\040\000H\000i\000g\000h\000-\000Q\000u\000a\000l\000i\000t\000y\000\040\000D\000a\000t\000a\000s\000e\000t}{section.6}% 11
\BOOKMARK [1][-]{section.7}{\376\377\000D\000e\000b\000u\000g\000g\000i\000n\000g\000\040\000a\000n\000d\000\040\000I\000t\000e\000r\000a\000t\000i\000v\000e\000\040\000D\000e\000v\000e\000l\000o\000p\000m\000e\000n\000t\000\040\000M\000e\000t\000h\000o\000d\000o\000l\000o\000g\000y}{}% 12
\BOOKMARK [2][-]{subsection.7.1}{\376\377\000P\000i\000p\000e\000l\000i\000n\000e\000\040\000V\000a\000l\000i\000d\000a\000t\000i\000o\000n\000\040\000a\000n\000d\000\040\000E\000a\000r\000l\000y\000\040\000D\000e\000b\000u\000g\000g\000i\000n\000g}{section.7}% 13
\BOOKMARK [1][-]{section.8}{\376\377\000T\000r\000a\000n\000s\000f\000e\000r\000\040\000L\000e\000a\000r\000n\000i\000n\000g\000\040\000A\000p\000p\000r\000o\000a\000c\000h}{}% 14
\BOOKMARK [2][-]{subsection.8.1}{\376\377\000C\000o\000m\000m\000o\000n\000\040\000I\000m\000p\000l\000e\000m\000e\000n\000t\000a\000t\000i\000o\000n\000\040\000S\000t\000r\000a\000t\000e\000g\000y}{section.8}% 15
\BOOKMARK [2][-]{subsection.8.2}{\376\377\000D\000a\000t\000a\000\040\000P\000r\000e\000p\000a\000r\000a\000t\000i\000o\000n\000\040\000a\000n\000d\000\040\000A\000u\000g\000m\000e\000n\000t\000a\000t\000i\000o\000n}{section.8}% 16
\BOOKMARK [2][-]{subsection.8.3}{\376\377\000I\000m\000a\000g\000e\000\040\000P\000r\000e\000p\000r\000o\000c\000e\000s\000s\000i\000n\000g}{section.8}% 17
\BOOKMARK [2][-]{subsection.8.4}{\376\377\000T\000r\000a\000i\000n\000i\000n\000g\000\040\000O\000p\000t\000i\000m\000i\000z\000a\000t\000i\000o\000n\000\040\000S\000t\000r\000a\000t\000e\000g\000y}{section.8}% 18
\BOOKMARK [2][-]{subsection.8.5}{\376\377\000R\000e\000g\000u\000l\000a\000r\000i\000z\000a\000t\000i\000o\000n\000\040\000T\000e\000c\000h\000n\000i\000q\000u\000e\000s}{section.8}% 19
\BOOKMARK [2][-]{subsection.8.6}{\376\377\000A\000d\000d\000r\000e\000s\000s\000i\000n\000g\000\040\000C\000l\000a\000s\000s\000\040\000I\000m\000b\000a\000l\000a\000n\000c\000e}{section.8}% 20
\BOOKMARK [2][-]{subsection.8.7}{\376\377\000D\000a\000t\000a\000s\000e\000t\000\040\000M\000a\000n\000a\000g\000e\000m\000e\000n\000t}{section.8}% 21
\BOOKMARK [2][-]{subsection.8.8}{\376\377\000E\000v\000a\000l\000u\000a\000t\000i\000o\000n\000\040\000S\000t\000r\000a\000t\000e\000g\000y}{section.8}% 22
\BOOKMARK [2][-]{subsection.8.9}{\376\377\000M\000o\000d\000e\000l\000\040\000C\000h\000e\000c\000k\000p\000o\000i\000n\000t\000i\000n\000g\000\040\000a\000n\000d\000\040\000E\000v\000a\000l\000u\000a\000t\000i\000o\000n}{section.8}% 23
\BOOKMARK [1][-]{section.9}{\376\377\000M\000o\000d\000e\000l\000\040\000A\000r\000c\000h\000i\000t\000e\000c\000t\000u\000r\000e\000s\000\040\000a\000n\000d\000\040\000S\000p\000e\000c\000i\000f\000i\000c\000\040\000I\000m\000p\000l\000e\000m\000e\000n\000t\000a\000t\000i\000o\000n\000s}{}% 24
\BOOKMARK [2][-]{subsection.9.1}{\376\377\000V\000G\000G\000-\0001\0006\000\040\000A\000r\000c\000h\000i\000t\000e\000c\000t\000u\000r\000e}{section.9}% 25
\BOOKMARK [1][-]{section.10}{\376\377\000M\000o\000d\000e\000l\000\040\000A\000r\000c\000h\000i\000t\000e\000c\000t\000u\000r\000e\000s\000\040\000a\000n\000d\000\040\000S\000p\000e\000c\000i\000f\000i\000c\000\040\000I\000m\000p\000l\000e\000m\000e\000n\000t\000a\000t\000i\000o\000n\000s}{}% 26
\BOOKMARK [2][-]{subsection.10.1}{\376\377\000M\000o\000d\000i\000f\000i\000e\000d\000\040\000V\000G\000G\000-\0001\0006\000\040\000A\000r\000c\000h\000i\000t\000e\000c\000t\000u\000r\000e\000\040\000f\000o\000r\000\040\000B\000i\000n\000a\000r\000y\000\040\000C\000l\000a\000s\000s\000i\000f\000i\000c\000a\000t\000i\000o\000n}{section.10}% 27
\BOOKMARK [3][-]{subsubsection.10.1.1}{\376\377\000T\000h\000e\000o\000r\000e\000t\000i\000c\000a\000l\000\040\000F\000o\000u\000n\000d\000a\000t\000i\000o\000n}{subsection.10.1}% 28
\BOOKMARK [3][-]{subsubsection.10.1.2}{\376\377\000M\000o\000d\000e\000l\000\040\000A\000d\000a\000p\000t\000a\000t\000i\000o\000n\000\040\000f\000o\000r\000\040\000F\000i\000n\000e\000-\000G\000r\000a\000i\000n\000e\000d\000\040\000C\000l\000a\000s\000s\000i\000f\000i\000c\000a\000t\000i\000o\000n}{subsection.10.1}% 29
\BOOKMARK [2][-]{subsection.10.2}{\376\377\000V\000i\000s\000i\000o\000n\000\040\000T\000r\000a\000n\000s\000f\000o\000r\000m\000e\000r\000\040\000\050\000V\000i\000T\000\051\000\040\000A\000r\000c\000h\000i\000t\000e\000c\000t\000u\000r\000e}{section.10}% 30
\BOOKMARK [1][-]{section.11}{\376\377\000M\000o\000d\000i\000f\000i\000e\000d\000\040\000V\000i\000s\000i\000o\000n\000\040\000T\000r\000a\000n\000s\000f\000o\000r\000m\000e\000r\000\040\000\050\000V\000i\000T\000\051\000\040\000A\000r\000c\000h\000i\000t\000e\000c\000t\000u\000r\000e}{}% 31
\BOOKMARK [2][-]{subsubsection.11.0.1}{\376\377\000V\000i\000T\000\040\000f\000o\000r\000\040\000F\000i\000n\000e\000-\000G\000r\000a\000i\000n\000e\000d\000\040\000C\000l\000a\000s\000s\000i\000f\000i\000c\000a\000t\000i\000o\000n}{section.11}% 32
\BOOKMARK [3][-]{subsubsection.11.0.2}{\376\377\000V\000i\000s\000i\000o\000n\000\040\000T\000r\000a\000n\000s\000f\000o\000r\000m\000e\000r\000\040\000I\000m\000p\000l\000e\000m\000e\000n\000t\000a\000t\000i\000o\000n}{subsubsection.11.0.1}% 33
\BOOKMARK [3][-]{subsubsection.11.0.3}{\376\377\000A\000l\000t\000e\000r\000n\000a\000t\000i\000v\000e\000\040\000V\000i\000T\000\040\000I\000m\000p\000l\000e\000m\000e\000n\000t\000a\000t\000i\000o\000n\000s}{subsubsection.11.0.1}% 34
\BOOKMARK [2][-]{subsection.11.1}{\376\377\000I\000n\000c\000e\000p\000t\000i\000o\000n\000\040\000v\0003\000\040\000A\000r\000c\000h\000i\000t\000e\000c\000t\000u\000r\000e}{section.11}% 35
\BOOKMARK [1][-]{section.12}{\376\377\000M\000o\000d\000i\000f\000i\000e\000d\000\040\000I\000n\000c\000e\000p\000t\000i\000o\000n\000\040\000V\0003\000\040\000A\000r\000c\000h\000i\000t\000e\000c\000t\000u\000r\000e}{}% 36
\BOOKMARK [2][-]{subsubsection.12.0.1}{\376\377\000T\000h\000e\000o\000r\000e\000t\000i\000c\000a\000l\000\040\000B\000a\000c\000k\000g\000r\000o\000u\000n\000d}{section.12}% 37
\BOOKMARK [3][-]{subsubsection.12.0.2}{\376\377\000M\000o\000d\000e\000l\000-\000S\000p\000e\000c\000i\000f\000i\000c\000\040\000I\000m\000p\000l\000e\000m\000e\000n\000t\000a\000t\000i\000o\000n\000\040\000D\000e\000t\000a\000i\000l\000s}{subsubsection.12.0.1}% 38
\BOOKMARK [2][-]{subsection.12.1}{\376\377\000R\000e\000s\000i\000d\000u\000a\000l\000\040\000N\000e\000t\000w\000o\000r\000k\000\040\000\050\000R\000e\000s\000N\000e\000t\000-\0005\0000\000\051\000\040\000I\000m\000p\000l\000e\000m\000e\000n\000t\000a\000t\000i\000o\000n}{section.12}% 39
\BOOKMARK [1][-]{section.13}{\376\377\000M\000o\000d\000i\000f\000i\000e\000d\000\040\000R\000e\000s\000N\000e\000t\0005\0000\000\040\000A\000r\000c\000h\000i\000t\000e\000c\000t\000u\000r\000e}{}% 40
\BOOKMARK [2][-]{subsubsection.13.0.1}{\376\377\000A\000r\000c\000h\000i\000t\000e\000c\000t\000u\000r\000e\000-\000S\000p\000e\000c\000i\000f\000i\000c\000\040\000E\000n\000h\000a\000n\000c\000e\000m\000e\000n\000t\000s}{section.13}% 41
\BOOKMARK [2][-]{subsection.13.1}{\376\377\000C\000u\000s\000t\000o\000m\000\040\000C\000N\000N\000\040\000w\000i\000t\000h\000\040\000S\000q\000u\000e\000e\000z\000e\000-\000a\000n\000d\000-\000E\000x\000c\000i\000t\000a\000t\000i\000o\000n\000\040\000B\000l\000o\000c\000k\000s}{section.13}% 42
\BOOKMARK [3][-]{subsubsection.13.1.1}{\376\377\000A\000r\000c\000h\000i\000t\000e\000c\000t\000u\000r\000a\000l\000\040\000D\000e\000s\000i\000g\000n}{subsection.13.1}% 43
\BOOKMARK [3][-]{subsubsection.13.1.2}{\376\377\000C\000u\000s\000t\000o\000m\000\040\000C\000N\000N\000-\000S\000p\000e\000c\000i\000f\000i\000c\000\040\000T\000r\000a\000i\000n\000i\000n\000g\000\040\000A\000p\000p\000r\000o\000a\000c\000h}{subsection.13.1}% 44
\BOOKMARK [1][-]{section.14}{\376\377\000M\000o\000d\000e\000l\000\040\000I\000n\000t\000e\000r\000p\000r\000e\000t\000a\000b\000i\000l\000i\000t\000y\000\040\000M\000e\000t\000h\000o\000d\000o\000l\000o\000g\000i\000e\000s}{}% 45
\BOOKMARK [2][-]{subsection.14.1}{\376\377\000G\000r\000a\000d\000i\000e\000n\000t\000-\000w\000e\000i\000g\000h\000t\000e\000d\000\040\000C\000l\000a\000s\000s\000\040\000A\000c\000t\000i\000v\000a\000t\000i\000o\000n\000\040\000M\000a\000p\000p\000i\000n\000g\000\040\000\050\000G\000r\000a\000d\000-\000C\000A\000M\000\051}{section.14}% 46
\BOOKMARK [3][-]{subsubsection.14.1.1}{\376\377\000T\000h\000e\000o\000r\000e\000t\000i\000c\000a\000l\000\040\000F\000o\000u\000n\000d\000a\000t\000i\000o\000n}{subsection.14.1}% 47
\BOOKMARK [3][-]{subsubsection.14.1.2}{\376\377\000M\000e\000t\000h\000o\000d\000o\000l\000o\000g\000y\000\040\000f\000o\000r\000\040\000C\000N\000N\000\040\000m\000o\000d\000e\000l\000s}{subsection.14.1}% 48
\BOOKMARK [2][-]{subsection.14.2}{\376\377\000A\000t\000t\000e\000n\000t\000i\000o\000n\000\040\000R\000o\000l\000l\000o\000u\000t\000\040\000f\000o\000r\000\040\000V\000i\000s\000i\000o\000n\000\040\000T\000r\000a\000n\000s\000f\000o\000r\000m\000e\000r\000s}{section.14}% 49
\BOOKMARK [3][-]{subsubsection.14.2.1}{\376\377\000T\000h\000e\000o\000r\000e\000t\000i\000c\000a\000l\000\040\000F\000o\000u\000n\000d\000a\000t\000i\000o\000n}{subsection.14.2}% 50
\BOOKMARK [3][-]{subsubsection.14.2.2}{\376\377\000M\000e\000t\000h\000o\000d\000o\000l\000o\000g\000y\000\040\000f\000o\000r\000\040\000V\000i\000T}{subsection.14.2}% 51
\BOOKMARK [2][-]{subsection.14.3}{\376\377\000G\000r\000a\000d\000-\000C\000A\000M\000\040\000f\000o\000r\000\040\000V\000i\000s\000i\000o\000n\000\040\000T\000r\000a\000n\000s\000f\000o\000r\000m\000e\000r\000s}{section.14}% 52
\BOOKMARK [2][-]{subsection.14.4}{\376\377\000E\000n\000h\000a\000n\000c\000e\000d\000\040\000V\000i\000T\000\040\000I\000m\000p\000l\000e\000m\000e\000n\000t\000a\000t\000i\000o\000n}{section.14}% 53
\BOOKMARK [2][-]{subsection.14.5}{\376\377\000I\000n\000t\000e\000r\000p\000r\000e\000t\000a\000b\000l\000e\000\040\000V\000i\000T\000\040\000I\000m\000p\000l\000e\000m\000e\000n\000t\000a\000t\000i\000o\000n}{section.14}% 54
\BOOKMARK [2][-]{subsection.14.6}{\376\377\000C\000o\000m\000p\000a\000r\000i\000s\000o\000n\000\040\000F\000r\000a\000m\000e\000w\000o\000r\000k}{section.14}% 55
\BOOKMARK [1][-]{appendix.A}{\376\377\000A\000d\000d\000i\000t\000i\000o\000n\000a\000l\000\040\000I\000n\000t\000e\000r\000p\000r\000e\000t\000a\000b\000i\000l\000i\000t\000y\000\040\000T\000e\000c\000h\000n\000i\000q\000u\000e\000s}{}% 56
\BOOKMARK [2][-]{subsection.A.1}{\376\377\000D\000e\000e\000p\000L\000I\000F\000T}{appendix.A}% 57
\BOOKMARK [2][-]{subsection.A.2}{\376\377\000S\000a\000l\000i\000e\000n\000c\000y\000\040\000M\000a\000p\000s}{appendix.A}% 58
\BOOKMARK [2][-]{subsection.A.3}{\376\377\000I\000n\000t\000e\000g\000r\000a\000t\000e\000d\000\040\000G\000r\000a\000d\000i\000e\000n\000t\000s\000\040\000f\000o\000r\000\040\000V\000i\000s\000i\000o\000n\000\040\000T\000r\000a\000n\000s\000f\000o\000r\000m\000e\000r\000s}{appendix.A}% 59
\BOOKMARK [2][-]{subsection.A.4}{\376\377\000G\000u\000i\000d\000e\000d\000\040\000B\000a\000c\000k\000p\000r\000o\000p\000a\000g\000a\000t\000i\000o\000n\000\040\000f\000o\000r\000\040\000V\000i\000s\000i\000o\000n\000\040\000T\000r\000a\000n\000s\000f\000o\000r\000m\000e\000r\000s}{appendix.A}% 60
\BOOKMARK [2][-]{subsection.A.5}{\376\377\000C\000o\000n\000c\000l\000u\000s\000i\000o\000n\000\040\000o\000n\000\040\000A\000d\000d\000i\000t\000i\000o\000n\000a\000l\000\040\000M\000e\000t\000h\000o\000d\000s}{appendix.A}% 61
\BOOKMARK [1][-]{appendix.B}{\376\377\000F\000e\000a\000t\000u\000r\000e\000\040\000A\000n\000a\000l\000y\000s\000i\000s\000\040\000a\000n\000d\000\040\000I\000n\000t\000e\000r\000p\000r\000e\000t\000a\000b\000i\000l\000i\000t\000y\000\040\000f\000o\000r\000\040\000F\000i\000n\000e\000-\000G\000r\000a\000i\000n\000e\000d\000\040\000G\000u\000l\000l\000\040\000C\000l\000a\000s\000s\000i\000f\000i\000c\000a\000t\000i\000o\000n}{}% 62
\BOOKMARK [2][-]{subsection.B.1}{\376\377\000M\000e\000t\000h\000o\000d\000o\000l\000o\000g\000y\000\040\000f\000o\000r\000\040\000W\000i\000n\000g\000\040\000a\000n\000d\000\040\000W\000i\000n\000g\000t\000i\000p\000\040\000I\000n\000t\000e\000n\000s\000i\000t\000y\000\040\000A\000n\000a\000l\000y\000s\000i\000s}{appendix.B}% 63
\BOOKMARK [3][-]{subsubsection.B.1.1}{\376\377\000I\000m\000a\000g\000e\000\040\000S\000e\000l\000e\000c\000t\000i\000o\000n\000\040\000a\000n\000d\000\040\000P\000r\000e\000p\000a\000r\000a\000t\000i\000o\000n}{subsection.B.1}% 64
\BOOKMARK [3][-]{subsubsection.B.1.2}{\376\377\000M\000a\000n\000u\000a\000l\000\040\000S\000e\000g\000m\000e\000n\000t\000a\000t\000i\000o\000n}{subsection.B.1}% 65
\BOOKMARK [3][-]{subsubsection.B.1.3}{\376\377\000F\000e\000a\000t\000u\000r\000e\000\040\000E\000x\000t\000r\000a\000c\000t\000i\000o\000n\000\040\000P\000i\000p\000e\000l\000i\000n\000e}{subsection.B.1}% 66
\BOOKMARK [3][-]{subsubsection.B.1.4}{\376\377\000W\000i\000n\000g\000t\000i\000p\000\040\000D\000a\000r\000k\000n\000e\000s\000s\000\040\000C\000h\000a\000r\000a\000c\000t\000e\000r\000i\000z\000a\000t\000i\000o\000n}{subsection.B.1}% 67
\BOOKMARK [3][-]{subsubsection.B.1.5}{\376\377\000S\000t\000a\000t\000i\000s\000t\000i\000c\000a\000l\000\040\000C\000o\000m\000p\000a\000r\000i\000s\000o\000n}{subsection.B.1}% 68
\BOOKMARK [1][-]{appendix.C}{\376\377\000L\000o\000c\000a\000l\000\040\000B\000i\000n\000a\000r\000y\000\040\000P\000a\000t\000t\000e\000r\000n\000\040\000I\000m\000p\000l\000e\000m\000e\000n\000t\000a\000t\000i\000o\000n\000\040\000f\000o\000r\000\040\000S\000e\000a\000g\000u\000l\000l\000\040\000S\000p\000e\000c\000i\000e\000s\000\040\000A\000n\000a\000l\000y\000s\000i\000s}{}% 69
\BOOKMARK [2][-]{subsection.C.1}{\376\377\000I\000n\000t\000r\000o\000d\000u\000c\000t\000i\000o\000n\000\040\000t\000o\000\040\000L\000o\000c\000a\000l\000\040\000B\000i\000n\000a\000r\000y\000\040\000P\000a\000t\000t\000e\000r\000n\000s}{appendix.C}% 70
\BOOKMARK [2][-]{subsection.C.2}{\376\377\000I\000m\000p\000l\000e\000m\000e\000n\000t\000a\000t\000i\000o\000n\000\040\000M\000e\000t\000h\000o\000d\000o\000l\000o\000g\000y}{appendix.C}% 71
\BOOKMARK [3][-]{subsubsection.C.2.1}{\376\377\000I\000m\000a\000g\000e\000\040\000P\000r\000e\000p\000r\000o\000c\000e\000s\000s\000i\000n\000g\000\040\000a\000n\000d\000\040\000R\000e\000g\000i\000o\000n\000\040\000S\000e\000g\000m\000e\000n\000t\000a\000t\000i\000o\000n}{subsection.C.2}% 72
\BOOKMARK [3][-]{subsubsection.C.2.2}{\376\377\000L\000B\000P\000\040\000C\000a\000l\000c\000u\000l\000a\000t\000i\000o\000n\000\040\000P\000r\000o\000c\000e\000s\000s}{subsection.C.2}% 73
\BOOKMARK [3][-]{subsubsection.C.2.3}{\376\377\000N\000o\000v\000e\000l\000\040\000A\000b\000s\000t\000r\000a\000c\000t\000\040\000P\000a\000t\000t\000e\000r\000n\000\040\000A\000n\000a\000l\000y\000s\000i\000s}{subsection.C.2}% 74
\BOOKMARK [2][-]{subsection.C.3}{\376\377\000C\000o\000m\000p\000a\000r\000a\000t\000i\000v\000e\000\040\000A\000n\000a\000l\000y\000s\000i\000s\000\040\000I\000m\000p\000l\000e\000m\000e\000n\000t\000a\000t\000i\000o\000n}{appendix.C}% 75
\BOOKMARK [2][-]{subsection.C.4}{\376\377\000D\000i\000s\000c\000r\000i\000m\000i\000n\000a\000t\000i\000v\000e\000\040\000P\000o\000w\000e\000r\000\040\000A\000n\000a\000l\000y\000s\000i\000s}{appendix.C}% 76
\BOOKMARK [2][-]{subsection.C.5}{\376\377\000I\000m\000p\000l\000e\000m\000e\000n\000t\000a\000t\000i\000o\000n\000\040\000W\000o\000r\000k\000f\000l\000o\000w}{appendix.C}% 77
\BOOKMARK [2][-]{subsection.C.6}{\376\377\000V\000a\000l\000i\000d\000a\000t\000i\000o\000n\000\040\000A\000p\000p\000r\000o\000a\000c\000h}{appendix.C}% 78
\BOOKMARK [1][-]{appendix.D}{\376\377\000C\000l\000u\000s\000t\000e\000r\000i\000n\000g\000\040\000A\000n\000a\000l\000y\000s\000i\000s\000\040\000f\000o\000r\000\040\000S\000p\000e\000c\000i\000e\000s\000\040\000D\000i\000f\000f\000e\000r\000e\000n\000t\000i\000a\000t\000i\000o\000n}{}% 79
\BOOKMARK [2][-]{subsection.D.1}{\376\377\000O\000v\000e\000r\000v\000i\000e\000w\000\040\000o\000f\000\040\000C\000l\000u\000s\000t\000e\000r\000i\000n\000g\000\040\000A\000p\000p\000r\000o\000a\000c\000h}{appendix.D}% 80
\BOOKMARK [2][-]{subsection.D.2}{\376\377\000F\000e\000a\000t\000u\000r\000e\000\040\000E\000x\000t\000r\000a\000c\000t\000i\000o\000n\000\040\000a\000n\000d\000\040\000P\000r\000e\000p\000r\000o\000c\000e\000s\000s\000i\000n\000g}{appendix.D}% 81
\BOOKMARK [2][-]{subsection.D.3}{\376\377\000C\000l\000u\000s\000t\000e\000r\000i\000n\000g\000\040\000A\000l\000g\000o\000r\000i\000t\000h\000m\000s\000\040\000I\000m\000p\000l\000e\000m\000e\000n\000t\000a\000t\000i\000o\000n}{appendix.D}% 82
\BOOKMARK [3][-]{subsubsection.D.3.1}{\376\377\000K\000-\000m\000e\000a\000n\000s\000\040\000C\000l\000u\000s\000t\000e\000r\000i\000n\000g}{subsection.D.3}% 83
\BOOKMARK [3][-]{subsubsection.D.3.2}{\376\377\000H\000i\000e\000r\000a\000r\000c\000h\000i\000c\000a\000l\000\040\000C\000l\000u\000s\000t\000e\000r\000i\000n\000g}{subsection.D.3}% 84
\BOOKMARK [3][-]{subsubsection.D.3.3}{\376\377\000D\000B\000S\000C\000A\000N}{subsection.D.3}% 85
\BOOKMARK [3][-]{subsubsection.D.3.4}{\376\377\000G\000a\000u\000s\000s\000i\000a\000n\000\040\000M\000i\000x\000t\000u\000r\000e\000\040\000M\000o\000d\000e\000l}{subsection.D.3}% 86
\BOOKMARK [2][-]{subsection.D.4}{\376\377\000E\000v\000a\000l\000u\000a\000t\000i\000o\000n\000\040\000F\000r\000a\000m\000e\000w\000o\000r\000k}{appendix.D}% 87
\BOOKMARK [2][-]{subsection.D.5}{\376\377\000V\000i\000s\000u\000a\000l\000i\000z\000a\000t\000i\000o\000n\000\040\000a\000n\000d\000\040\000I\000n\000t\000e\000r\000p\000r\000e\000t\000a\000t\000i\000o\000n}{appendix.D}% 88
\BOOKMARK [1][-]{appendix.E}{\376\377\000C\000l\000u\000s\000t\000e\000r\000i\000n\000g\000\040\000A\000n\000a\000l\000y\000s\000i\000s}{}% 89
\BOOKMARK [2][-]{subsection.E.1}{\376\377\000I\000m\000p\000l\000e\000m\000e\000n\000t\000a\000t\000i\000o\000n\000\040\000O\000v\000e\000r\000v\000i\000e\000w}{appendix.E}% 90
\BOOKMARK [2][-]{subsection.E.2}{\376\377\000P\000e\000r\000f\000o\000r\000m\000a\000n\000c\000e\000\040\000E\000v\000a\000l\000u\000a\000t\000i\000o\000n}{appendix.E}% 91
\BOOKMARK [2][-]{subsection.E.3}{\376\377\000V\000i\000s\000u\000a\000l\000i\000z\000a\000t\000i\000o\000n\000\040\000a\000n\000d\000\040\000A\000n\000a\000l\000y\000s\000i\000s}{appendix.E}% 92
\BOOKMARK [1][-]{appendix.F}{\376\377\000R\000e\000s\000u\000l\000t\000s}{}% 93
\BOOKMARK [2][-]{subsection.F.1}{\376\377\000I\000n\000t\000e\000n\000s\000i\000t\000y\000\040\000A\000n\000a\000l\000y\000s\000i\000s\000\040\000R\000e\000s\000u\000l\000t\000s}{appendix.F}% 94
\BOOKMARK [3][-]{subsubsection.F.1.1}{\376\377\000W\000i\000n\000g\000\040\000I\000n\000t\000e\000n\000s\000i\000t\000y\000\040\000A\000n\000a\000l\000y\000s\000i\000s}{subsection.F.1}% 95
\BOOKMARK [3][-]{subsubsection.F.1.2}{\376\377\000W\000i\000n\000g\000t\000i\000p\000\040\000D\000a\000r\000k\000n\000e\000s\000s\000\040\000A\000n\000a\000l\000y\000s\000i\000s}{subsection.F.1}% 96
\BOOKMARK [3][-]{subsubsection.F.1.3}{\376\377\000P\000i\000x\000e\000l\000\040\000I\000n\000t\000e\000n\000s\000i\000t\000y\000\040\000D\000i\000s\000t\000r\000i\000b\000u\000t\000i\000o\000n\000\040\000A\000n\000a\000l\000y\000s\000i\000s}{subsection.F.1}% 97
\BOOKMARK [3][-]{subsubsection.F.1.4}{\376\377\000W\000i\000n\000g\000-\000W\000i\000n\000g\000t\000i\000p\000\040\000C\000o\000n\000t\000r\000a\000s\000t\000\040\000A\000n\000a\000l\000y\000s\000i\000s}{subsection.F.1}% 98
\BOOKMARK [3][-]{subsubsection.F.1.5}{\376\377\000S\000p\000e\000c\000i\000e\000s\000\040\000C\000l\000u\000s\000t\000e\000r\000i\000n\000g\000\040\000A\000n\000a\000l\000y\000s\000i\000s}{subsection.F.1}% 99
\BOOKMARK [2][-]{subsection.F.2}{\376\377\000B\000i\000o\000l\000o\000g\000i\000c\000a\000l\000\040\000S\000i\000g\000n\000i\000f\000i\000c\000a\000n\000c\000e\000\040\000o\000f\000\040\000I\000n\000t\000e\000n\000s\000i\000t\000y\000\040\000A\000n\000a\000l\000y\000s\000i\000s}{appendix.F}% 100
\BOOKMARK [2][-]{subsection.F.3}{\376\377\000I\000n\000t\000e\000n\000s\000i\000t\000y\000\040\000A\000n\000a\000l\000y\000s\000i\000s\000\040\000R\000e\000s\000u\000l\000t\000s}{appendix.F}% 101
\BOOKMARK [3][-]{subsubsection.F.3.1}{\376\377\000W\000i\000n\000g\000\040\000I\000n\000t\000e\000n\000s\000i\000t\000y\000\040\000A\000n\000a\000l\000y\000s\000i\000s}{subsection.F.3}% 102
\BOOKMARK [3][-]{subsubsection.F.3.2}{\376\377\000C\000o\000m\000p\000a\000r\000a\000t\000i\000v\000e\000\040\000A\000n\000a\000l\000y\000s\000i\000s}{subsection.F.3}% 103
\BOOKMARK [2][-]{subsection.F.4}{\376\377\000C\000l\000u\000s\000t\000e\000r\000i\000n\000g\000\040\000A\000n\000a\000l\000y\000s\000i\000s\000\040\000R\000e\000s\000u\000l\000t\000s}{appendix.F}% 104
\BOOKMARK [3][-]{subsubsection.F.4.1}{\376\377\000K\000-\000m\000e\000a\000n\000s\000\040\000C\000l\000u\000s\000t\000e\000r\000i\000n\000g}{subsection.F.4}% 105
\BOOKMARK [3][-]{subsubsection.F.4.2}{\376\377\000H\000i\000e\000r\000a\000r\000c\000h\000i\000c\000a\000l\000\040\000C\000l\000u\000s\000t\000e\000r\000i\000n\000g}{subsection.F.4}% 106
\BOOKMARK [3][-]{subsubsection.F.4.3}{\376\377\000G\000a\000u\000s\000s\000i\000a\000n\000\040\000M\000i\000x\000t\000u\000r\000e\000\040\000M\000o\000d\000e\000l}{subsection.F.4}% 107
\BOOKMARK [2][-]{subsection.F.5}{\376\377\000A\000l\000g\000o\000r\000i\000t\000h\000m\000\040\000C\000o\000m\000p\000a\000r\000i\000s\000o\000n}{appendix.F}% 108
\BOOKMARK [1][-]{appendix.G}{\376\377\000W\000i\000n\000g\000\040\000I\000n\000t\000e\000n\000s\000i\000t\000y\000\040\000C\000o\000m\000p\000a\000r\000i\000s\000o\000n\000\040\000B\000e\000t\000w\000e\000e\000n\000\040\000G\000u\000l\000l\000\040\000S\000p\000e\000c\000i\000e\000s}{}% 109
\BOOKMARK [2][-]{subsection.G.1}{\376\377\000W\000i\000n\000g\000\040\000I\000n\000t\000e\000n\000s\000i\000t\000y\000\040\000A\000n\000a\000l\000y\000s\000i\000s}{appendix.G}% 110
\BOOKMARK [2][-]{subsection.G.2}{\376\377\000D\000a\000r\000k\000\040\000P\000i\000x\000e\000l\000\040\000A\000n\000a\000l\000y\000s\000i\000s}{appendix.G}% 111
\BOOKMARK [2][-]{subsection.G.3}{\376\377\000R\000a\000w\000\040\000P\000i\000x\000e\000l\000\040\000C\000o\000u\000n\000t\000\040\000A\000n\000a\000l\000y\000s\000i\000s}{appendix.G}% 112
\BOOKMARK [1][-]{appendix.H}{\376\377\000B\000i\000o\000l\000o\000g\000i\000c\000a\000l\000\040\000S\000i\000g\000n\000i\000f\000i\000c\000a\000n\000c\000e}{}% 113
