\BOOKMARK [1][-]{section.0.1}{\376\377\000M\000e\000t\000h\000o\000d\000o\000l\000o\000g\000y}{}% 1
\BOOKMARK [2][-]{subsection.0.1.1}{\376\377\000G\000o\000o\000g\000l\000e\000\040\000C\000o\000l\000a\000b\000\040\000P\000l\000a\000t\000f\000o\000r\000m}{section.0.1}% 2
\BOOKMARK [2][-]{subsection.0.1.2}{\376\377\000P\000y\000t\000h\000o\000n\000\040\000a\000n\000d\000\040\000P\000y\000T\000o\000r\000c\000h\000\040\000F\000r\000a\000m\000e\000w\000o\000r\000k}{section.0.1}% 3
\BOOKMARK [1][-]{section.0.2}{\376\377\000D\000a\000t\000a\000s\000e\000t\000\040\000P\000r\000e\000p\000a\000r\000a\000t\000i\000o\000n\000\040\000a\000n\000d\000\040\000R\000e\000f\000i\000n\000e\000m\000e\000n\000t}{}% 4
\BOOKMARK [2][-]{subsection.0.2.1}{\376\377\000S\000t\000a\000g\000e\000\040\0001\000:\000\040\000I\000n\000i\000t\000i\000a\000l\000\040\000D\000a\000t\000a\000s\000e\000t\000\040\000C\000o\000l\000l\000e\000c\000t\000i\000o\000n}{section.0.2}% 5
\BOOKMARK [2][-]{subsection.0.2.2}{\376\377\000S\000t\000a\000g\000e\000\040\0002\000:\000\040\000R\000e\000f\000i\000n\000e\000d\000\040\000D\000a\000t\000a\000s\000e\000t\000\040\000-\000\040\000F\000o\000c\000u\000s\000\040\000o\000n\000\040\000A\000d\000u\000l\000t\000\040\000I\000n\000-\000f\000l\000i\000g\000h\000t\000\040\000I\000m\000a\000g\000e\000s}{section.0.2}% 6
\BOOKMARK [2][-]{subsection.0.2.3}{\376\377\000S\000t\000a\000g\000e\000\040\0003\000:\000\040\000H\000i\000g\000h\000-\000Q\000u\000a\000l\000i\000t\000y\000\040\000D\000a\000t\000a\000s\000e\000t}{section.0.2}% 7
\BOOKMARK [1][-]{section.0.3}{\376\377\000T\000r\000a\000n\000s\000f\000e\000r\000\040\000L\000e\000a\000r\000n\000i\000n\000g\000\040\000M\000e\000t\000h\000o\000d\000o\000l\000o\000g\000y}{}% 8
\BOOKMARK [2][-]{subsection.0.3.1}{\376\377\000T\000h\000e\000o\000r\000e\000t\000i\000c\000a\000l\000\040\000F\000r\000a\000m\000e\000w\000o\000r\000k\000\040\000a\000n\000d\000\040\000R\000a\000t\000i\000o\000n\000a\000l\000e}{section.0.3}% 9
\BOOKMARK [1][-]{section.0.4}{\376\377\000M\000o\000d\000e\000l\000\040\000A\000r\000c\000h\000i\000t\000e\000c\000t\000u\000r\000e\000s\000\040\000a\000n\000d\000\040\000I\000m\000p\000l\000e\000m\000e\000n\000t\000a\000t\000i\000o\000n}{}% 10
\BOOKMARK [2][-]{subsection.0.4.1}{\376\377\000V\000G\000G\000-\0001\0006\000\040\000A\000r\000c\000h\000i\000t\000e\000c\000t\000u\000r\000e}{section.0.4}% 11
\BOOKMARK [2][-]{subsection.0.4.2}{\376\377\000D\000a\000t\000a\000\040\000P\000r\000e\000p\000r\000o\000c\000e\000s\000s\000i\000n\000g\000\040\000a\000n\000d\000\040\000A\000u\000g\000m\000e\000n\000t\000a\000t\000i\000o\000n\000\040\000S\000t\000r\000a\000t\000e\000g\000y}{section.0.4}% 12
\BOOKMARK [2][-]{subsection.0.4.3}{\376\377\000T\000r\000a\000i\000n\000i\000n\000g\000\040\000M\000e\000t\000h\000o\000d\000o\000l\000o\000g\000y}{section.0.4}% 13
\BOOKMARK [2][-]{subsection.0.4.4}{\376\377\000E\000v\000a\000l\000u\000a\000t\000i\000o\000n\000\040\000M\000e\000t\000r\000i\000c\000s\000\040\000a\000n\000d\000\040\000P\000e\000r\000f\000o\000r\000m\000a\000n\000c\000e}{section.0.4}% 14
\BOOKMARK [1][-]{section.0.5}{\376\377\000V\000i\000s\000i\000o\000n\000\040\000T\000r\000a\000n\000s\000f\000o\000r\000m\000e\000r\000\040\000\050\000V\000i\000T\000\051\000\040\000A\000r\000c\000h\000i\000t\000e\000c\000t\000u\000r\000e}{}% 15
\BOOKMARK [2][-]{subsection.0.5.1}{\376\377\000T\000h\000e\000o\000r\000e\000t\000i\000c\000a\000l\000\040\000F\000r\000a\000m\000e\000w\000o\000r\000k}{section.0.5}% 16
\BOOKMARK [2][-]{subsection.0.5.2}{\376\377\000S\000t\000a\000n\000d\000a\000r\000d\000\040\000V\000i\000s\000i\000o\000n\000\040\000T\000r\000a\000n\000s\000f\000o\000r\000m\000e\000r\000\040\000I\000m\000p\000l\000e\000m\000e\000n\000t\000a\000t\000i\000o\000n}{section.0.5}% 17
\BOOKMARK [2][-]{subsection.0.5.3}{\376\377\000E\000n\000h\000a\000n\000c\000e\000d\000\040\000V\000i\000s\000i\000o\000n\000\040\000T\000r\000a\000n\000s\000f\000o\000r\000m\000e\000r\000\040\000w\000i\000t\000h\000\040\000C\000u\000s\000t\000o\000m\000\040\000A\000t\000t\000e\000n\000t\000i\000o\000n}{section.0.5}% 18
\BOOKMARK [2][-]{subsection.0.5.4}{\376\377\000D\000a\000t\000a\000\040\000P\000r\000o\000c\000e\000s\000s\000i\000n\000g\000\040\000a\000n\000d\000\040\000A\000u\000g\000m\000e\000n\000t\000a\000t\000i\000o\000n}{section.0.5}% 19
\BOOKMARK [2][-]{subsection.0.5.5}{\376\377\000T\000r\000a\000i\000n\000i\000n\000g\000\040\000M\000e\000t\000h\000o\000d\000o\000l\000o\000g\000y}{section.0.5}% 20
\BOOKMARK [1][-]{section.0.6}{\376\377\000I\000n\000c\000e\000p\000t\000i\000o\000n\000\040\000v\0003\000\040\000A\000r\000c\000h\000i\000t\000e\000c\000t\000u\000r\000e}{}% 21
\BOOKMARK [2][-]{subsection.0.6.1}{\376\377\000T\000h\000e\000o\000r\000e\000t\000i\000c\000a\000l\000\040\000B\000a\000c\000k\000g\000r\000o\000u\000n\000d}{section.0.6}% 22
\BOOKMARK [2][-]{subsection.0.6.2}{\376\377\000M\000o\000d\000e\000l\000\040\000A\000d\000a\000p\000t\000a\000t\000i\000o\000n\000\040\000f\000o\000r\000\040\000G\000u\000l\000l\000\040\000C\000l\000a\000s\000s\000i\000f\000i\000c\000a\000t\000i\000o\000n}{section.0.6}% 23
\BOOKMARK [2][-]{subsection.0.6.3}{\376\377\000A\000d\000v\000a\000n\000c\000e\000d\000\040\000T\000r\000a\000i\000n\000i\000n\000g\000\040\000T\000e\000c\000h\000n\000i\000q\000u\000e\000s}{section.0.6}% 24
\BOOKMARK [2][-]{subsection.0.6.4}{\376\377\000D\000a\000t\000a\000\040\000P\000r\000o\000c\000e\000s\000s\000i\000n\000g\000\040\000P\000i\000p\000e\000l\000i\000n\000e}{section.0.6}% 25
\BOOKMARK [1][-]{section.0.7}{\376\377\000R\000e\000s\000N\000e\000t\0005\0000\000\040\000A\000r\000c\000h\000i\000t\000e\000c\000t\000u\000r\000e}{}% 26
\BOOKMARK [2][-]{subsection.0.7.1}{\376\377\000T\000h\000e\000o\000r\000e\000t\000i\000c\000a\000l\000\040\000B\000a\000c\000k\000g\000r\000o\000u\000n\000d}{section.0.7}% 27
\BOOKMARK [2][-]{subsection.0.7.2}{\376\377\000M\000o\000d\000e\000l\000\040\000A\000d\000a\000p\000t\000a\000t\000i\000o\000n\000\040\000f\000o\000r\000\040\000G\000u\000l\000l\000\040\000S\000p\000e\000c\000i\000e\000s\000\040\000C\000l\000a\000s\000s\000i\000f\000i\000c\000a\000t\000i\000o\000n}{section.0.7}% 28
\BOOKMARK [2][-]{subsection.0.7.3}{\376\377\000I\000m\000a\000g\000e\000\040\000P\000r\000e\000p\000r\000o\000c\000e\000s\000s\000i\000n\000g\000\040\000a\000n\000d\000\040\000E\000n\000h\000a\000n\000c\000e\000m\000e\000n\000t}{section.0.7}% 29
\BOOKMARK [2][-]{subsection.0.7.4}{\376\377\000D\000a\000t\000a\000\040\000A\000u\000g\000m\000e\000n\000t\000a\000t\000i\000o\000n\000\040\000S\000t\000r\000a\000t\000e\000g\000y}{section.0.7}% 30
\BOOKMARK [2][-]{subsection.0.7.5}{\376\377\000T\000r\000a\000i\000n\000i\000n\000g\000\040\000A\000p\000p\000r\000o\000a\000c\000h\000\040\000a\000n\000d\000\040\000O\000p\000t\000i\000m\000i\000z\000a\000t\000i\000o\000n}{section.0.7}% 31
\BOOKMARK [1][-]{section.0.8}{\376\377\000C\000u\000s\000t\000o\000m\000\040\000C\000N\000N\000\040\000w\000i\000t\000h\000\040\000S\000q\000u\000e\000e\000z\000e\000-\000a\000n\000d\000-\000E\000x\000c\000i\000t\000a\000t\000i\000o\000n\000\040\000B\000l\000o\000c\000k\000s}{}% 32
\BOOKMARK [2][-]{subsection.0.8.1}{\376\377\000A\000r\000c\000h\000i\000t\000e\000c\000t\000u\000r\000a\000l\000\040\000I\000n\000n\000o\000v\000a\000t\000i\000o\000n}{section.0.8}% 33
\BOOKMARK [2][-]{subsection.0.8.2}{\376\377\000A\000d\000d\000r\000e\000s\000s\000i\000n\000g\000\040\000C\000l\000a\000s\000s\000\040\000I\000m\000b\000a\000l\000a\000n\000c\000e}{section.0.8}% 34
\BOOKMARK [2][-]{subsection.0.8.3}{\376\377\000T\000r\000a\000i\000n\000i\000n\000g\000\040\000M\000e\000t\000h\000o\000d\000o\000l\000o\000g\000y}{section.0.8}% 35
