\BOOKMARK [1][-]{section.1}{\376\377\000I\000n\000t\000r\000o\000d\000u\000c\000t\000i\000o\000n}{}% 1
\BOOKMARK [1][-]{section.2}{\376\377\000M\000o\000t\000i\000v\000a\000t\000i\000o\000n}{}% 2
\BOOKMARK [1][-]{section.3}{\376\377\000R\000e\000l\000a\000t\000e\000d\000\040\000W\000o\000r\000k\000s}{}% 3
\BOOKMARK [1][-]{section.4}{\376\377\000D\000e\000s\000c\000r\000i\000p\000t\000i\000o\000n\000\040\000o\000f\000\040\000W\000o\000r\000k}{}% 4
\BOOKMARK [1][-]{section.5}{\376\377\000M\000e\000t\000h\000o\000d\000o\000l\000o\000g\000y}{}% 5
\BOOKMARK [2][-]{subsection.5.1}{\376\377\000G\000o\000o\000g\000l\000e\000\040\000C\000o\000l\000a\000b\000\040\000P\000l\000a\000t\000f\000o\000r\000m}{section.5}% 6
\BOOKMARK [2][-]{subsection.5.2}{\376\377\000P\000y\000t\000h\000o\000n\000\040\000a\000n\000d\000\040\000P\000y\000T\000o\000r\000c\000h\000\040\000F\000r\000a\000m\000e\000w\000o\000r\000k}{section.5}% 7
\BOOKMARK [3][-]{subsubsection.5.2.1}{\376\377\000A\000d\000v\000a\000n\000t\000a\000g\000e\000s\000\040\000o\000f\000\040\000P\000y\000T\000o\000r\000c\000h\000\040\000i\000n\000\040\000O\000u\000r\000\040\000I\000m\000p\000l\000e\000m\000e\000n\000t\000a\000t\000i\000o\000n}{subsection.5.2}% 8
\BOOKMARK [1][-]{section.6}{\376\377\000D\000a\000t\000a\000s\000e\000t\000\040\000P\000r\000e\000p\000a\000r\000a\000t\000i\000o\000n\000\040\000a\000n\000d\000\040\000R\000e\000f\000i\000n\000e\000m\000e\000n\000t}{}% 9
\BOOKMARK [2][-]{subsection.6.1}{\376\377\000S\000t\000a\000g\000e\000\040\0001\000:\000\040\000I\000n\000i\000t\000i\000a\000l\000\040\000D\000a\000t\000a\000s\000e\000t\000\040\000C\000o\000l\000l\000e\000c\000t\000i\000o\000n}{section.6}% 10
\BOOKMARK [2][-]{subsection.6.2}{\376\377\000S\000t\000a\000g\000e\000\040\0002\000:\000\040\000R\000e\000f\000i\000n\000e\000d\000\040\000D\000a\000t\000a\000s\000e\000t\000\040\000-\000\040\000F\000o\000c\000u\000s\000\040\000o\000n\000\040\000A\000d\000u\000l\000t\000\040\000I\000n\000-\000f\000l\000i\000g\000h\000t\000\040\000I\000m\000a\000g\000e\000s}{section.6}% 11
\BOOKMARK [2][-]{subsection.6.3}{\376\377\000S\000t\000a\000g\000e\000\040\0003\000:\000\040\000H\000i\000g\000h\000-\000Q\000u\000a\000l\000i\000t\000y\000\040\000D\000a\000t\000a\000s\000e\000t}{section.6}% 12
\BOOKMARK [1][-]{section.7}{\376\377\000T\000r\000a\000n\000s\000f\000e\000r\000\040\000L\000e\000a\000r\000n\000i\000n\000g\000\040\000M\000e\000t\000h\000o\000d\000o\000l\000o\000g\000y}{}% 13
\BOOKMARK [2][-]{subsection.7.1}{\376\377\000T\000h\000e\000o\000r\000e\000t\000i\000c\000a\000l\000\040\000F\000r\000a\000m\000e\000w\000o\000r\000k\000\040\000a\000n\000d\000\040\000R\000a\000t\000i\000o\000n\000a\000l\000e}{section.7}% 14
\BOOKMARK [1][-]{section.8}{\376\377\000T\000r\000a\000n\000s\000f\000e\000r\000\040\000L\000e\000a\000r\000n\000i\000n\000g\000\040\000A\000p\000p\000r\000o\000a\000c\000h}{}% 15
\BOOKMARK [1][-]{section.9}{\376\377\000T\000r\000a\000i\000n\000i\000n\000g\000\040\000O\000p\000t\000i\000m\000i\000z\000a\000t\000i\000o\000n\000\040\000S\000t\000r\000a\000t\000e\000g\000y}{}% 16
\BOOKMARK [1][-]{section.10}{\376\377\000M\000o\000d\000e\000l\000\040\000A\000r\000c\000h\000i\000t\000e\000c\000t\000u\000r\000e\000\040\000M\000o\000d\000i\000f\000i\000c\000a\000t\000i\000o\000n\000s}{}% 17
\BOOKMARK [1][-]{section.11}{\376\377\000D\000a\000t\000a\000\040\000P\000r\000e\000p\000a\000r\000a\000t\000i\000o\000n\000\040\000a\000n\000d\000\040\000A\000u\000g\000m\000e\000n\000t\000a\000t\000i\000o\000n}{}% 18
\BOOKMARK [2][-]{subsection.11.1}{\376\377\000O\000p\000t\000i\000m\000i\000z\000a\000t\000i\000o\000n\000\040\000S\000t\000r\000a\000t\000e\000g\000y}{section.11}% 19
\BOOKMARK [2][-]{subsection.11.2}{\376\377\000L\000e\000a\000r\000n\000i\000n\000g\000\040\000R\000a\000t\000e\000\040\000S\000c\000h\000e\000d\000u\000l\000i\000n\000g}{section.11}% 20
\BOOKMARK [2][-]{subsection.11.3}{\376\377\000G\000r\000a\000d\000i\000e\000n\000t\000\040\000C\000l\000i\000p\000p\000i\000n\000g}{section.11}% 21
\BOOKMARK [3][-]{subsubsection.11.3.1}{\376\377\000D\000a\000t\000a\000s\000e\000t\000\040\000M\000a\000n\000a\000g\000e\000m\000e\000n\000t}{subsection.11.3}% 22
\BOOKMARK [1][-]{section.12}{\376\377\000R\000e\000g\000u\000l\000a\000r\000i\000z\000a\000t\000i\000o\000n\000\040\000T\000e\000c\000h\000n\000i\000q\000u\000e\000s}{}% 23
\BOOKMARK [2][-]{subsection.12.1}{\376\377\000M\000o\000d\000e\000l\000\040\000C\000h\000e\000c\000k\000p\000o\000i\000n\000t\000i\000n\000g\000\040\000a\000n\000d\000\040\000E\000v\000a\000l\000u\000a\000t\000i\000o\000n}{section.12}% 24
\BOOKMARK [1][-]{section.13}{\376\377\000E\000v\000a\000l\000u\000a\000t\000i\000o\000n\000\040\000S\000t\000r\000a\000t\000e\000g\000y}{}% 25
\BOOKMARK [2][-]{subsubsection.13.0.1}{\376\377\000A\000d\000d\000r\000e\000s\000s\000i\000n\000g\000\040\000C\000l\000a\000s\000s\000\040\000I\000m\000b\000a\000l\000a\000n\000c\000e\000\040\000i\000n\000\040\000f\000e\000w\000\040\000m\000o\000d\000e\000l\000s}{section.13}% 26
\BOOKMARK [2][-]{subsection.13.1}{\376\377\000I\000m\000a\000g\000e\000\040\000P\000r\000e\000p\000r\000o\000c\000e\000s\000s\000i\000n\000g}{section.13}% 27
\BOOKMARK [2][-]{subsection.13.2}{\376\377\000R\000e\000p\000r\000o\000d\000u\000c\000i\000b\000i\000l\000i\000t\000y\000\040\000C\000o\000n\000s\000i\000d\000e\000r\000a\000t\000i\000o\000n\000s}{section.13}% 28
\BOOKMARK [2][-]{subsection.13.3}{\376\377\000V\000G\000G\000-\0001\0006\000\040\000A\000r\000c\000h\000i\000t\000e\000c\000t\000u\000r\000e}{section.13}% 29
\BOOKMARK [3][-]{subsubsection.13.3.1}{\376\377\000T\000h\000e\000o\000r\000e\000t\000i\000c\000a\000l\000\040\000F\000o\000u\000n\000d\000a\000t\000i\000o\000n}{subsection.13.3}% 30
\BOOKMARK [3][-]{subsubsection.13.3.2}{\376\377\000M\000o\000d\000e\000l\000\040\000A\000d\000a\000p\000t\000a\000t\000i\000o\000n\000\040\000f\000o\000r\000\040\000F\000i\000n\000e\000-\000G\000r\000a\000i\000n\000e\000d\000\040\000C\000l\000a\000s\000s\000i\000f\000i\000c\000a\000t\000i\000o\000n}{subsection.13.3}% 31
\BOOKMARK [1][-]{section.14}{\376\377\000I\000m\000p\000l\000e\000m\000e\000n\000t\000a\000t\000i\000o\000n\000\040\000D\000e\000t\000a\000i\000l\000s}{}% 32
\BOOKMARK [1][-]{section.15}{\376\377\000V\000i\000s\000i\000o\000n\000\040\000T\000r\000a\000n\000s\000f\000o\000r\000m\000e\000r\000\040\000\050\000V\000i\000T\000\051\000\040\000A\000r\000c\000h\000i\000t\000e\000c\000t\000u\000r\000e}{}% 33
\BOOKMARK [2][-]{subsection.15.1}{\376\377\000T\000h\000e\000o\000r\000e\000t\000i\000c\000a\000l\000\040\000F\000r\000a\000m\000e\000w\000o\000r\000k}{section.15}% 34
\BOOKMARK [2][-]{subsection.15.2}{\376\377\000S\000t\000a\000n\000d\000a\000r\000d\000\040\000V\000i\000s\000i\000o\000n\000\040\000T\000r\000a\000n\000s\000f\000o\000r\000m\000e\000r\000\040\000I\000m\000p\000l\000e\000m\000e\000n\000t\000a\000t\000i\000o\000n}{section.15}% 35
\BOOKMARK [2][-]{subsection.15.3}{\376\377\000E\000n\000h\000a\000n\000c\000e\000d\000\040\000V\000i\000s\000i\000o\000n\000\040\000T\000r\000a\000n\000s\000f\000o\000r\000m\000e\000r\000\040\000w\000i\000t\000h\000\040\000C\000u\000s\000t\000o\000m\000\040\000A\000t\000t\000e\000n\000t\000i\000o\000n}{section.15}% 36
\BOOKMARK [2][-]{subsection.15.4}{\376\377\000D\000a\000t\000a\000\040\000P\000r\000o\000c\000e\000s\000s\000i\000n\000g\000\040\000a\000n\000d\000\040\000A\000u\000g\000m\000e\000n\000t\000a\000t\000i\000o\000n}{section.15}% 37
\BOOKMARK [2][-]{subsection.15.5}{\376\377\000T\000r\000a\000i\000n\000i\000n\000g\000\040\000M\000e\000t\000h\000o\000d\000o\000l\000o\000g\000y}{section.15}% 38
\BOOKMARK [2][-]{subsection.15.6}{\376\377\000R\000e\000s\000i\000d\000u\000a\000l\000\040\000N\000e\000t\000w\000o\000r\000k\000\040\000\050\000R\000e\000s\000N\000e\000t\000-\0005\0000\000\051\000\040\000I\000m\000p\000l\000e\000m\000e\000n\000t\000a\000t\000i\000o\000n}{section.15}% 39
\BOOKMARK [3][-]{subsubsection.15.6.1}{\376\377\000A\000r\000c\000h\000i\000t\000e\000c\000t\000u\000r\000e\000\040\000A\000d\000a\000p\000t\000a\000t\000i\000o\000n}{subsection.15.6}% 40
\BOOKMARK [3][-]{subsubsection.15.6.2}{\376\377\000I\000m\000a\000g\000e\000\040\000E\000n\000h\000a\000n\000c\000e\000m\000e\000n\000t}{subsection.15.6}% 41
\BOOKMARK [3][-]{subsubsection.15.6.3}{\376\377\000T\000r\000a\000i\000n\000i\000n\000g\000\040\000S\000t\000r\000a\000t\000e\000g\000y}{subsection.15.6}% 42
\BOOKMARK [3][-]{subsubsection.15.6.4}{\376\377\000P\000e\000r\000f\000o\000r\000m\000a\000n\000c\000e\000\040\000I\000m\000p\000l\000i\000c\000a\000t\000i\000o\000n\000s}{subsection.15.6}% 43
\BOOKMARK [1][-]{section.16}{\376\377\000C\000u\000s\000t\000o\000m\000\040\000C\000N\000N\000\040\000w\000i\000t\000h\000\040\000S\000q\000u\000e\000e\000z\000e\000-\000a\000n\000d\000-\000E\000x\000c\000i\000t\000a\000t\000i\000o\000n\000\040\000B\000l\000o\000c\000k\000s}{}% 44
\BOOKMARK [2][-]{subsection.16.1}{\376\377\000A\000r\000c\000h\000i\000t\000e\000c\000t\000u\000r\000a\000l\000\040\000D\000e\000s\000i\000g\000n}{section.16}% 45
\BOOKMARK [2][-]{subsection.16.2}{\376\377\000A\000d\000d\000r\000e\000s\000s\000i\000n\000g\000\040\000C\000l\000a\000s\000s\000\040\000I\000m\000b\000a\000l\000a\000n\000c\000e}{section.16}% 46
\BOOKMARK [2][-]{subsection.16.3}{\376\377\000O\000p\000t\000i\000m\000i\000z\000a\000t\000i\000o\000n\000\040\000S\000t\000r\000a\000t\000e\000g\000y}{section.16}% 47
\BOOKMARK [1][-]{section.17}{\376\377\000M\000o\000d\000e\000l\000\040\000I\000n\000t\000e\000r\000p\000r\000e\000t\000a\000b\000i\000l\000i\000t\000y\000\040\000M\000e\000t\000h\000o\000d\000o\000l\000o\000g\000i\000e\000s}{}% 48
\BOOKMARK [2][-]{subsection.17.1}{\376\377\000G\000r\000a\000d\000i\000e\000n\000t\000-\000w\000e\000i\000g\000h\000t\000e\000d\000\040\000C\000l\000a\000s\000s\000\040\000A\000c\000t\000i\000v\000a\000t\000i\000o\000n\000\040\000M\000a\000p\000p\000i\000n\000g\000\040\000\050\000G\000r\000a\000d\000-\000C\000A\000M\000\051}{section.17}% 49
\BOOKMARK [3][-]{subsubsection.17.1.1}{\376\377\000T\000h\000e\000o\000r\000e\000t\000i\000c\000a\000l\000\040\000F\000o\000u\000n\000d\000a\000t\000i\000o\000n}{subsection.17.1}% 50
\BOOKMARK [3][-]{subsubsection.17.1.2}{\376\377\000M\000e\000t\000h\000o\000d\000o\000l\000o\000g\000y\000\040\000f\000o\000r\000\040\000V\000G\000G\0001\0006}{subsection.17.1}% 51
\BOOKMARK [2][-]{subsection.17.2}{\376\377\000A\000t\000t\000e\000n\000t\000i\000o\000n\000\040\000R\000o\000l\000l\000o\000u\000t\000\040\000f\000o\000r\000\040\000V\000i\000s\000i\000o\000n\000\040\000T\000r\000a\000n\000s\000f\000o\000r\000m\000e\000r\000s}{section.17}% 52
\BOOKMARK [3][-]{subsubsection.17.2.1}{\376\377\000T\000h\000e\000o\000r\000e\000t\000i\000c\000a\000l\000\040\000F\000o\000u\000n\000d\000a\000t\000i\000o\000n}{subsection.17.2}% 53
\BOOKMARK [3][-]{subsubsection.17.2.2}{\376\377\000M\000e\000t\000h\000o\000d\000o\000l\000o\000g\000y\000\040\000f\000o\000r\000\040\000V\000i\000T}{subsection.17.2}% 54
\BOOKMARK [2][-]{subsection.17.3}{\376\377\000G\000r\000a\000d\000-\000C\000A\000M\000\040\000f\000o\000r\000\040\000V\000i\000s\000i\000o\000n\000\040\000T\000r\000a\000n\000s\000f\000o\000r\000m\000e\000r\000s}{section.17}% 55
\BOOKMARK [3][-]{subsubsection.17.3.1}{\376\377\000I\000m\000p\000l\000e\000m\000e\000n\000t\000a\000t\000i\000o\000n\000\040\000A\000p\000p\000r\000o\000a\000c\000h}{subsection.17.3}% 56
\BOOKMARK [2][-]{subsection.17.4}{\376\377\000C\000o\000m\000p\000a\000r\000i\000s\000o\000n\000\040\000F\000r\000a\000m\000e\000w\000o\000r\000k}{section.17}% 57
\BOOKMARK [2][-]{subsection.17.5}{\376\377\000I\000m\000p\000l\000e\000m\000e\000n\000t\000a\000t\000i\000o\000n\000\040\000D\000e\000t\000a\000i\000l\000s}{section.17}% 58
\BOOKMARK [3][-]{subsubsection.17.5.1}{\376\377\000G\000r\000a\000d\000-\000C\000A\000M\000\040\000f\000o\000r\000\040\000V\000G\000G\0001\0006}{subsection.17.5}% 59
\BOOKMARK [3][-]{subsubsection.17.5.2}{\376\377\000A\000t\000t\000e\000n\000t\000i\000o\000n\000\040\000R\000o\000l\000l\000o\000u\000t\000\040\000f\000o\000r\000\040\000V\000i\000T}{subsection.17.5}% 60
\BOOKMARK [3][-]{subsubsection.17.5.3}{\376\377\000G\000r\000a\000d\000-\000C\000A\000M\000\040\000f\000o\000r\000\040\000V\000i\000T}{subsection.17.5}% 61
